mode: set
github.com/ckm54/go-projects/pokedexcli/main.go:15.13,25.6 4 0
github.com/ckm54/go-projects/pokedexcli/main.go:25.6,27.21 2 0
github.com/ckm54/go-projects/pokedexcli/main.go:27.21,29.19 2 0
github.com/ckm54/go-projects/pokedexcli/main.go:29.19,30.13 1 0
github.com/ckm54/go-projects/pokedexcli/main.go:33.4,39.15 5 0
github.com/ckm54/go-projects/pokedexcli/main.go:39.15,41.13 2 0
github.com/ckm54/go-projects/pokedexcli/main.go:44.4,45.18 2 0
github.com/ckm54/go-projects/pokedexcli/main.go:45.18,46.41 1 0
github.com/ckm54/go-projects/pokedexcli/main.go:46.41,47.11 1 0
github.com/ckm54/go-projects/pokedexcli/main.go:49.5,49.28 1 0
github.com/ckm54/go-projects/pokedexcli/main.go:54.3,54.39 1 0
github.com/ckm54/go-projects/pokedexcli/main.go:54.39,56.4 1 0
github.com/ckm54/go-projects/pokedexcli/main.go:60.39,63.2 2 0
github.com/ckm54/go-projects/pokedexcli/internal/commands/catch.go:14.51,15.20 1 1
github.com/ckm54/go-projects/pokedexcli/internal/commands/catch.go:15.20,17.3 1 1
github.com/ckm54/go-projects/pokedexcli/internal/commands/catch.go:19.2,20.41 2 1
github.com/ckm54/go-projects/pokedexcli/internal/commands/catch.go:20.41,23.3 2 1
github.com/ckm54/go-projects/pokedexcli/internal/commands/catch.go:25.2,30.52 4 1
github.com/ckm54/go-projects/pokedexcli/internal/commands/catch.go:30.52,32.56 2 0
github.com/ckm54/go-projects/pokedexcli/internal/commands/catch.go:32.56,34.4 1 0
github.com/ckm54/go-projects/pokedexcli/internal/commands/catch.go:35.8,38.17 3 1
github.com/ckm54/go-projects/pokedexcli/internal/commands/catch.go:38.17,40.4 1 0
github.com/ckm54/go-projects/pokedexcli/internal/commands/catch.go:41.3,43.38 2 1
github.com/ckm54/go-projects/pokedexcli/internal/commands/catch.go:43.38,45.4 1 1
github.com/ckm54/go-projects/pokedexcli/internal/commands/catch.go:47.3,48.17 2 1
github.com/ckm54/go-projects/pokedexcli/internal/commands/catch.go:48.17,50.4 1 0
github.com/ckm54/go-projects/pokedexcli/internal/commands/catch.go:52.3,52.56 1 1
github.com/ckm54/go-projects/pokedexcli/internal/commands/catch.go:52.56,54.4 1 0
github.com/ckm54/go-projects/pokedexcli/internal/commands/catch.go:56.3,56.33 1 1
github.com/ckm54/go-projects/pokedexcli/internal/commands/catch.go:59.2,60.22 2 1
github.com/ckm54/go-projects/pokedexcli/internal/commands/catch.go:60.22,62.3 1 0
github.com/ckm54/go-projects/pokedexcli/internal/commands/catch.go:64.2,65.21 2 1
github.com/ckm54/go-projects/pokedexcli/internal/commands/catch.go:65.21,68.3 2 1
github.com/ckm54/go-projects/pokedexcli/internal/commands/catch.go:68.8,70.3 1 0
github.com/ckm54/go-projects/pokedexcli/internal/commands/catch.go:72.2,72.12 1 1
github.com/ckm54/go-projects/pokedexcli/internal/commands/commands.go:5.13,48.2 8 1
github.com/ckm54/go-projects/pokedexcli/internal/commands/exit.go:10.43,13.2 2 0
github.com/ckm54/go-projects/pokedexcli/internal/commands/explore.go:12.53,13.20 1 1
github.com/ckm54/go-projects/pokedexcli/internal/commands/explore.go:13.20,15.3 1 1
github.com/ckm54/go-projects/pokedexcli/internal/commands/explore.go:17.2,24.44 5 1
github.com/ckm54/go-projects/pokedexcli/internal/commands/explore.go:24.44,26.71 2 1
github.com/ckm54/go-projects/pokedexcli/internal/commands/explore.go:26.71,28.4 1 1
github.com/ckm54/go-projects/pokedexcli/internal/commands/explore.go:29.8,32.17 3 1
github.com/ckm54/go-projects/pokedexcli/internal/commands/explore.go:32.17,34.4 1 0
github.com/ckm54/go-projects/pokedexcli/internal/commands/explore.go:35.3,37.38 2 1
github.com/ckm54/go-projects/pokedexcli/internal/commands/explore.go:37.38,39.4 1 1
github.com/ckm54/go-projects/pokedexcli/internal/commands/explore.go:41.3,42.17 2 1
github.com/ckm54/go-projects/pokedexcli/internal/commands/explore.go:42.17,44.4 1 0
github.com/ckm54/go-projects/pokedexcli/internal/commands/explore.go:46.3,46.70 1 1
github.com/ckm54/go-projects/pokedexcli/internal/commands/explore.go:46.70,48.4 1 1
github.com/ckm54/go-projects/pokedexcli/internal/commands/explore.go:50.3,50.25 1 1
github.com/ckm54/go-projects/pokedexcli/internal/commands/explore.go:53.2,53.67 1 1
github.com/ckm54/go-projects/pokedexcli/internal/commands/explore.go:53.67,55.3 1 1
github.com/ckm54/go-projects/pokedexcli/internal/commands/explore.go:56.2,56.12 1 1
github.com/ckm54/go-projects/pokedexcli/internal/commands/help.go:5.43,8.33 3 0
github.com/ckm54/go-projects/pokedexcli/internal/commands/help.go:8.33,10.3 1 0
github.com/ckm54/go-projects/pokedexcli/internal/commands/help.go:11.2,11.12 1 0
github.com/ckm54/go-projects/pokedexcli/internal/commands/inspect.go:9.53,10.20 1 1
github.com/ckm54/go-projects/pokedexcli/internal/commands/inspect.go:10.20,12.3 1 1
github.com/ckm54/go-projects/pokedexcli/internal/commands/inspect.go:14.2,15.48 2 1
github.com/ckm54/go-projects/pokedexcli/internal/commands/inspect.go:15.48,17.3 1 1
github.com/ckm54/go-projects/pokedexcli/internal/commands/inspect.go:17.8,19.3 1 1
github.com/ckm54/go-projects/pokedexcli/internal/commands/inspect.go:20.2,20.12 1 1
github.com/ckm54/go-projects/pokedexcli/internal/commands/inspect.go:23.49,28.28 5 1
github.com/ckm54/go-projects/pokedexcli/internal/commands/inspect.go:28.28,30.3 1 1
github.com/ckm54/go-projects/pokedexcli/internal/commands/inspect.go:31.2,32.28 2 1
github.com/ckm54/go-projects/pokedexcli/internal/commands/inspect.go:32.28,34.3 1 1
github.com/ckm54/go-projects/pokedexcli/internal/commands/map.go:19.58,22.16 2 1
github.com/ckm54/go-projects/pokedexcli/internal/commands/map.go:23.18,24.22 1 1
github.com/ckm54/go-projects/pokedexcli/internal/commands/map.go:24.22,26.4 1 1
github.com/ckm54/go-projects/pokedexcli/internal/commands/map.go:26.9,26.53 1 1
github.com/ckm54/go-projects/pokedexcli/internal/commands/map.go:26.53,29.4 2 1
github.com/ckm54/go-projects/pokedexcli/internal/commands/map.go:29.9,31.4 1 1
github.com/ckm54/go-projects/pokedexcli/internal/commands/map.go:32.22,33.26 1 1
github.com/ckm54/go-projects/pokedexcli/internal/commands/map.go:33.26,35.4 1 1
github.com/ckm54/go-projects/pokedexcli/internal/commands/map.go:35.9,37.4 1 1
github.com/ckm54/go-projects/pokedexcli/internal/commands/map.go:38.10,39.47 1 1
github.com/ckm54/go-projects/pokedexcli/internal/commands/map.go:42.2,42.30 1 1
github.com/ckm54/go-projects/pokedexcli/internal/commands/map.go:45.45,48.44 2 1
github.com/ckm54/go-projects/pokedexcli/internal/commands/map.go:48.44,50.70 2 1
github.com/ckm54/go-projects/pokedexcli/internal/commands/map.go:50.70,52.4 1 0
github.com/ckm54/go-projects/pokedexcli/internal/commands/map.go:53.8,56.17 3 1
github.com/ckm54/go-projects/pokedexcli/internal/commands/map.go:56.17,58.4 1 0
github.com/ckm54/go-projects/pokedexcli/internal/commands/map.go:59.3,62.17 3 1
github.com/ckm54/go-projects/pokedexcli/internal/commands/map.go:62.17,64.4 1 0
github.com/ckm54/go-projects/pokedexcli/internal/commands/map.go:66.3,66.69 1 1
github.com/ckm54/go-projects/pokedexcli/internal/commands/map.go:66.69,68.4 1 1
github.com/ckm54/go-projects/pokedexcli/internal/commands/map.go:70.3,70.25 1 1
github.com/ckm54/go-projects/pokedexcli/internal/commands/map.go:73.2,75.53 3 1
github.com/ckm54/go-projects/pokedexcli/internal/commands/map.go:75.53,77.3 1 1
github.com/ckm54/go-projects/pokedexcli/internal/commands/map.go:79.2,79.12 1 1
github.com/ckm54/go-projects/pokedexcli/internal/commands/map.go:82.46,84.16 2 1
github.com/ckm54/go-projects/pokedexcli/internal/commands/map.go:84.16,86.3 1 0
github.com/ckm54/go-projects/pokedexcli/internal/commands/map.go:88.2,90.12 2 1
github.com/ckm54/go-projects/pokedexcli/internal/commands/map.go:94.47,96.16 2 1
github.com/ckm54/go-projects/pokedexcli/internal/commands/map.go:96.16,98.3 1 0
github.com/ckm54/go-projects/pokedexcli/internal/commands/map.go:100.2,102.12 2 1
github.com/ckm54/go-projects/pokedexcli/internal/commands/pokedex.go:5.50,6.25 1 1
github.com/ckm54/go-projects/pokedexcli/internal/commands/pokedex.go:6.25,8.3 1 1
github.com/ckm54/go-projects/pokedexcli/internal/commands/pokedex.go:10.2,10.36 1 1
github.com/ckm54/go-projects/pokedexcli/internal/commands/pokedex.go:10.36,12.3 1 1
github.com/ckm54/go-projects/pokedexcli/internal/commands/pokedex.go:14.2,14.12 1 1
github.com/ckm54/go-projects/pokedexcli/internal/pokecache/cache.go:5.46,13.2 3 1
github.com/ckm54/go-projects/pokedexcli/internal/pokecache/cache.go:15.45,23.2 3 1
github.com/ckm54/go-projects/pokedexcli/internal/pokecache/cache.go:25.48,30.9 4 1
github.com/ckm54/go-projects/pokedexcli/internal/pokecache/cache.go:30.9,32.3 1 1
github.com/ckm54/go-projects/pokedexcli/internal/pokecache/cache.go:34.2,34.24 1 1
github.com/ckm54/go-projects/pokedexcli/internal/pokecache/cache.go:37.28,41.21 3 1
github.com/ckm54/go-projects/pokedexcli/internal/pokecache/cache.go:41.21,43.37 2 1
github.com/ckm54/go-projects/pokedexcli/internal/pokecache/cache.go:43.37,44.48 1 1
github.com/ckm54/go-projects/pokedexcli/internal/pokecache/cache.go:44.48,46.5 1 1
github.com/ckm54/go-projects/pokedexcli/internal/pokecache/cache.go:48.3,48.16 1 1
